{"D:\\JavaScript + Vue\\ДЗ\\Projects\\Avia Tickets\\src\\js\\app.js": {"path":"D:\\JavaScript + Vue\\ДЗ\\Projects\\Avia Tickets\\src\\js\\app.js","statementMap":{"0":{"start":{"line":39,"column":0},"end":{"line":158,"column":3}},"1":{"start":{"line":40,"column":15},"end":{"line":40,"column":26}},"2":{"start":{"line":84,"column":2},"end":{"line":84,"column":12}},"3":{"start":{"line":85,"column":2},"end":{"line":88,"column":5}},"4":{"start":{"line":86,"column":4},"end":{"line":86,"column":23}},"5":{"start":{"line":87,"column":4},"end":{"line":87,"column":19}},"6":{"start":{"line":92,"column":4},"end":{"line":92,"column":27}},"7":{"start":{"line":93,"column":4},"end":{"line":93,"column":54}},"8":{"start":{"line":97,"column":4},"end":{"line":156,"column":5}},"9":{"start":{"line":98,"column":21},"end":{"line":98,"column":67}},"10":{"start":{"line":99,"column":26},"end":{"line":99,"column":77}},"11":{"start":{"line":100,"column":26},"end":{"line":100,"column":48}},"12":{"start":{"line":101,"column":26},"end":{"line":101,"column":48}},"13":{"start":{"line":102,"column":23},"end":{"line":102,"column":46}},"14":{"start":{"line":104,"column":6},"end":{"line":110,"column":9}},"15":{"start":{"line":111,"column":6},"end":{"line":111,"column":52}},"16":{"start":{"line":113,"column":6},"end":{"line":113,"column":40}},"17":{"start":{"line":115,"column":28},"end":{"line":118,"column":12}},"18":{"start":{"line":116,"column":8},"end":{"line":116,"column":38}},"19":{"start":{"line":117,"column":8},"end":{"line":117,"column":19}},"20":{"start":{"line":119,"column":28},"end":{"line":119,"column":54}},"21":{"start":{"line":120,"column":21},"end":{"line":120,"column":71}},"22":{"start":{"line":121,"column":6},"end":{"line":121,"column":29}},"23":{"start":{"line":122,"column":6},"end":{"line":134,"column":9}},"24":{"start":{"line":123,"column":8},"end":{"line":133,"column":10}},"25":{"start":{"line":135,"column":21},"end":{"line":135,"column":63}},"26":{"start":{"line":136,"column":6},"end":{"line":153,"column":9}},"27":{"start":{"line":137,"column":8},"end":{"line":152,"column":11}},"28":{"start":{"line":139,"column":26},"end":{"line":139,"column":28}},"29":{"start":{"line":140,"column":30},"end":{"line":140,"column":72}},"30":{"start":{"line":141,"column":10},"end":{"line":147,"column":13}},"31":{"start":{"line":142,"column":30},"end":{"line":144,"column":13}},"32":{"start":{"line":143,"column":24},"end":{"line":143,"column":66}},"33":{"start":{"line":146,"column":12},"end":{"line":146,"column":54}},"34":{"start":{"line":148,"column":10},"end":{"line":150,"column":12}},"35":{"start":{"line":149,"column":12},"end":{"line":149,"column":58}},"36":{"start":{"line":151,"column":10},"end":{"line":151,"column":45}},"37":{"start":{"line":155,"column":6},"end":{"line":155,"column":56}}},"fnMap":{"0":{"name":"(anonymous_0)","decl":{"start":{"line":39,"column":46},"end":{"line":39,"column":47}},"loc":{"start":{"line":39,"column":53},"end":{"line":158,"column":1}},"line":39},"1":{"name":"(anonymous_1)","decl":{"start":{"line":85,"column":34},"end":{"line":85,"column":35}},"loc":{"start":{"line":85,"column":41},"end":{"line":88,"column":3}},"line":85},"2":{"name":"initApp","decl":{"start":{"line":91,"column":17},"end":{"line":91,"column":24}},"loc":{"start":{"line":91,"column":27},"end":{"line":94,"column":3}},"line":91},"3":{"name":"onFormSubmit","decl":{"start":{"line":96,"column":17},"end":{"line":96,"column":29}},"loc":{"start":{"line":96,"column":32},"end":{"line":157,"column":3}},"line":96},"4":{"name":"(anonymous_4)","decl":{"start":{"line":115,"column":56},"end":{"line":115,"column":57}},"loc":{"start":{"line":115,"column":71},"end":{"line":118,"column":7}},"line":115},"5":{"name":"(anonymous_5)","decl":{"start":{"line":122,"column":28},"end":{"line":122,"column":29}},"loc":{"start":{"line":122,"column":38},"end":{"line":134,"column":7}},"line":122},"6":{"name":"(anonymous_6)","decl":{"start":{"line":136,"column":21},"end":{"line":136,"column":22}},"loc":{"start":{"line":136,"column":32},"end":{"line":153,"column":7}},"line":136},"7":{"name":"(anonymous_7)","decl":{"start":{"line":137,"column":40},"end":{"line":137,"column":41}},"loc":{"start":{"line":137,"column":46},"end":{"line":152,"column":9}},"line":137},"8":{"name":"(anonymous_8)","decl":{"start":{"line":141,"column":32},"end":{"line":141,"column":33}},"loc":{"start":{"line":141,"column":48},"end":{"line":147,"column":11}},"line":141},"9":{"name":"(anonymous_9)","decl":{"start":{"line":143,"column":14},"end":{"line":143,"column":15}},"loc":{"start":{"line":143,"column":24},"end":{"line":143,"column":66}},"line":143},"10":{"name":"(anonymous_10)","decl":{"start":{"line":148,"column":25},"end":{"line":148,"column":26}},"loc":{"start":{"line":149,"column":12},"end":{"line":149,"column":58}},"line":149}},"branchMap":{"0":{"loc":{"start":{"line":149,"column":12},"end":{"line":149,"column":58}},"type":"cond-expr","locations":[{"start":{"line":149,"column":52},"end":{"line":149,"column":53}},{"start":{"line":149,"column":56},"end":{"line":149,"column":58}}],"line":149}},"s":{"0":0,"1":0,"2":0,"3":0,"4":0,"5":0,"6":0,"7":0,"8":0,"9":0,"10":0,"11":0,"12":0,"13":0,"14":0,"15":0,"16":0,"17":0,"18":0,"19":0,"20":0,"21":0,"22":0,"23":0,"24":0,"25":0,"26":0,"27":0,"28":0,"29":0,"30":0,"31":0,"32":0,"33":0,"34":0,"35":0,"36":0,"37":0},"f":{"0":0,"1":0,"2":0,"3":0,"4":0,"5":0,"6":0,"7":0,"8":0,"9":0,"10":0},"b":{"0":[0,0]}}
,"D:\\JavaScript + Vue\\ДЗ\\Projects\\Avia Tickets\\src\\js\\config\\apiConfig.js": {"path":"D:\\JavaScript + Vue\\ДЗ\\Projects\\Avia Tickets\\src\\js\\config\\apiConfig.js","statementMap":{"0":{"start":{"line":1,"column":15},"end":{"line":3,"column":1}}},"fnMap":{},"branchMap":{},"s":{"0":1},"f":{},"b":{},"_coverageSchema":"1a1c01bbd47fc00a2c39e90264f33305004495a9","hash":"715aed26e34f02f3aa3491e8985829706457c524"}
,"D:\\JavaScript + Vue\\ДЗ\\Projects\\Avia Tickets\\src\\js\\helpers\\date.js": {"path":"D:\\JavaScript + Vue\\ДЗ\\Projects\\Avia Tickets\\src\\js\\helpers\\date.js","statementMap":{"0":{"start":{"line":10,"column":17},"end":{"line":10,"column":30}},"1":{"start":{"line":11,"column":4},"end":{"line":11,"column":30}}},"fnMap":{"0":{"name":"formatDate","decl":{"start":{"line":9,"column":16},"end":{"line":9,"column":26}},"loc":{"start":{"line":9,"column":37},"end":{"line":12,"column":1}},"line":9}},"branchMap":{},"s":{"0":0,"1":0},"f":{"0":0},"b":{},"_coverageSchema":"1a1c01bbd47fc00a2c39e90264f33305004495a9","hash":"89d7348f260a920878ea3c73e5f981685753a4a3"}
,"D:\\JavaScript + Vue\\ДЗ\\Projects\\Avia Tickets\\src\\js\\plugins\\index.js": {"path":"D:\\JavaScript + Vue\\ДЗ\\Projects\\Avia Tickets\\src\\js\\plugins\\index.js","statementMap":{},"fnMap":{},"branchMap":{},"s":{},"f":{},"b":{}}
,"D:\\JavaScript + Vue\\ДЗ\\Projects\\Avia Tickets\\src\\js\\plugins\\materialize.js": {"path":"D:\\JavaScript + Vue\\ДЗ\\Projects\\Avia Tickets\\src\\js\\plugins\\materialize.js","statementMap":{"0":{"start":{"line":5,"column":15},"end":{"line":5,"column":50}},"1":{"start":{"line":6,"column":0},"end":{"line":6,"column":26}},"2":{"start":{"line":9,"column":2},"end":{"line":9,"column":40}},"3":{"start":{"line":13,"column":21},"end":{"line":13,"column":63}},"4":{"start":{"line":14,"column":0},"end":{"line":20,"column":3}},"5":{"start":{"line":23,"column":2},"end":{"line":23,"column":42}},"6":{"start":{"line":27,"column":20},"end":{"line":27,"column":60}},"7":{"start":{"line":28,"column":0},"end":{"line":31,"column":3}},"8":{"start":{"line":34,"column":2},"end":{"line":34,"column":40}}},"fnMap":{"0":{"name":"getSelectInstance","decl":{"start":{"line":8,"column":16},"end":{"line":8,"column":33}},"loc":{"start":{"line":8,"column":40},"end":{"line":10,"column":1}},"line":8},"1":{"name":"getAutocompleteInstance","decl":{"start":{"line":22,"column":16},"end":{"line":22,"column":39}},"loc":{"start":{"line":22,"column":46},"end":{"line":24,"column":1}},"line":22},"2":{"name":"getDatePickerInstance","decl":{"start":{"line":33,"column":16},"end":{"line":33,"column":37}},"loc":{"start":{"line":33,"column":44},"end":{"line":35,"column":1}},"line":33}},"branchMap":{},"s":{"0":0,"1":0,"2":0,"3":0,"4":0,"5":0,"6":0,"7":0,"8":0},"f":{"0":0,"1":0,"2":0},"b":{}}
,"D:\\JavaScript + Vue\\ДЗ\\Projects\\Avia Tickets\\src\\js\\services\\apiService.js": {"path":"D:\\JavaScript + Vue\\ДЗ\\Projects\\Avia Tickets\\src\\js\\services\\apiService.js","statementMap":{"0":{"start":{"line":11,"column":4},"end":{"line":11,"column":26}},"1":{"start":{"line":14,"column":4},"end":{"line":20,"column":5}},"2":{"start":{"line":15,"column":23},"end":{"line":15,"column":63}},"3":{"start":{"line":16,"column":6},"end":{"line":16,"column":27}},"4":{"start":{"line":18,"column":6},"end":{"line":18,"column":23}},"5":{"start":{"line":19,"column":6},"end":{"line":19,"column":33}},"6":{"start":{"line":23,"column":4},"end":{"line":29,"column":5}},"7":{"start":{"line":24,"column":23},"end":{"line":24,"column":60}},"8":{"start":{"line":25,"column":6},"end":{"line":25,"column":27}},"9":{"start":{"line":27,"column":6},"end":{"line":27,"column":23}},"10":{"start":{"line":28,"column":6},"end":{"line":28,"column":33}},"11":{"start":{"line":32,"column":4},"end":{"line":38,"column":5}},"12":{"start":{"line":33,"column":23},"end":{"line":33,"column":62}},"13":{"start":{"line":34,"column":6},"end":{"line":34,"column":27}},"14":{"start":{"line":36,"column":6},"end":{"line":36,"column":23}},"15":{"start":{"line":37,"column":6},"end":{"line":37,"column":33}},"16":{"start":{"line":41,"column":4},"end":{"line":49,"column":5}},"17":{"start":{"line":42,"column":23},"end":{"line":44,"column":8}},"18":{"start":{"line":45,"column":6},"end":{"line":45,"column":27}},"19":{"start":{"line":47,"column":6},"end":{"line":47,"column":23}},"20":{"start":{"line":48,"column":6},"end":{"line":48,"column":33}},"21":{"start":{"line":54,"column":12},"end":{"line":54,"column":27}}},"fnMap":{"0":{"name":"(anonymous_0)","decl":{"start":{"line":10,"column":2},"end":{"line":10,"column":3}},"loc":{"start":{"line":10,"column":22},"end":{"line":12,"column":3}},"line":10},"1":{"name":"(anonymous_1)","decl":{"start":{"line":13,"column":2},"end":{"line":13,"column":3}},"loc":{"start":{"line":13,"column":20},"end":{"line":21,"column":3}},"line":13},"2":{"name":"(anonymous_2)","decl":{"start":{"line":22,"column":2},"end":{"line":22,"column":3}},"loc":{"start":{"line":22,"column":17},"end":{"line":30,"column":3}},"line":22},"3":{"name":"(anonymous_3)","decl":{"start":{"line":31,"column":2},"end":{"line":31,"column":3}},"loc":{"start":{"line":31,"column":19},"end":{"line":39,"column":3}},"line":31},"4":{"name":"(anonymous_4)","decl":{"start":{"line":40,"column":2},"end":{"line":40,"column":3}},"loc":{"start":{"line":40,"column":23},"end":{"line":50,"column":3}},"line":40}},"branchMap":{},"s":{"0":1,"1":0,"2":0,"3":0,"4":0,"5":0,"6":2,"7":2,"8":1,"9":1,"10":1,"11":0,"12":0,"13":0,"14":0,"15":0,"16":0,"17":0,"18":0,"19":0,"20":0,"21":1},"f":{"0":1,"1":0,"2":2,"3":0,"4":0},"b":{},"_coverageSchema":"1a1c01bbd47fc00a2c39e90264f33305004495a9","hash":"f5b2131a70d58a89b0552649d830d7a06bcf6298"}
,"D:\\JavaScript + Vue\\ДЗ\\Projects\\Avia Tickets\\src\\js\\store\\locations.js": {"path":"D:\\JavaScript + Vue\\ДЗ\\Projects\\Avia Tickets\\src\\js\\store\\locations.js","statementMap":{"0":{"start":{"line":5,"column":4},"end":{"line":5,"column":19}},"1":{"start":{"line":6,"column":4},"end":{"line":6,"column":26}},"2":{"start":{"line":7,"column":4},"end":{"line":7,"column":23}},"3":{"start":{"line":8,"column":4},"end":{"line":8,"column":26}},"4":{"start":{"line":9,"column":4},"end":{"line":9,"column":25}},"5":{"start":{"line":10,"column":4},"end":{"line":10,"column":23}},"6":{"start":{"line":11,"column":4},"end":{"line":11,"column":41}},"7":{"start":{"line":14,"column":21},"end":{"line":18,"column":6}},"8":{"start":{"line":20,"column":42},"end":{"line":20,"column":50}},"9":{"start":{"line":21,"column":4},"end":{"line":21,"column":56}},"10":{"start":{"line":22,"column":4},"end":{"line":22,"column":47}},"11":{"start":{"line":23,"column":4},"end":{"line":23,"column":59}},"12":{"start":{"line":24,"column":4},"end":{"line":24,"column":53}},"13":{"start":{"line":26,"column":4},"end":{"line":26,"column":20}},"14":{"start":{"line":30,"column":4},"end":{"line":30,"column":30}},"15":{"start":{"line":30,"column":13},"end":{"line":30,"column":30}},"16":{"start":{"line":31,"column":17},"end":{"line":33,"column":5}},"17":{"start":{"line":32,"column":16},"end":{"line":32,"column":38}},"18":{"start":{"line":34,"column":4},"end":{"line":34,"column":22}},"19":{"start":{"line":35,"column":4},"end":{"line":35,"column":21}},"20":{"start":{"line":39,"column":4},"end":{"line":44,"column":5}},"21":{"start":{"line":40,"column":23},"end":{"line":40,"column":45}},"22":{"start":{"line":43,"column":6},"end":{"line":43,"column":44}},"23":{"start":{"line":45,"column":4},"end":{"line":45,"column":34}},"24":{"start":{"line":49,"column":4},"end":{"line":49,"column":63}},"25":{"start":{"line":53,"column":4},"end":{"line":53,"column":63}},"26":{"start":{"line":57,"column":4},"end":{"line":60,"column":11}},"27":{"start":{"line":58,"column":6},"end":{"line":58,"column":33}},"28":{"start":{"line":59,"column":6},"end":{"line":59,"column":17}},"29":{"start":{"line":71,"column":4},"end":{"line":71,"column":65}},"30":{"start":{"line":71,"column":55},"end":{"line":71,"column":65}},"31":{"start":{"line":72,"column":4},"end":{"line":75,"column":11}},"32":{"start":{"line":73,"column":6},"end":{"line":73,"column":34}},"33":{"start":{"line":74,"column":6},"end":{"line":74,"column":17}},"34":{"start":{"line":79,"column":4},"end":{"line":89,"column":11}},"35":{"start":{"line":80,"column":27},"end":{"line":80,"column":65}},"36":{"start":{"line":81,"column":6},"end":{"line":81,"column":57}},"37":{"start":{"line":82,"column":24},"end":{"line":82,"column":55}},"38":{"start":{"line":83,"column":6},"end":{"line":87,"column":8}},"39":{"start":{"line":88,"column":6},"end":{"line":88,"column":17}},"40":{"start":{"line":92,"column":4},"end":{"line":97,"column":11}},"41":{"start":{"line":93,"column":6},"end":{"line":93,"column":64}},"42":{"start":{"line":94,"column":6},"end":{"line":94,"column":57}},"43":{"start":{"line":95,"column":6},"end":{"line":95,"column":28}},"44":{"start":{"line":96,"column":6},"end":{"line":96,"column":17}},"45":{"start":{"line":101,"column":4},"end":{"line":101,"column":33}},"46":{"start":{"line":101,"column":16},"end":{"line":101,"column":33}},"47":{"start":{"line":102,"column":21},"end":{"line":102,"column":50}},"48":{"start":{"line":103,"column":4},"end":{"line":103,"column":59}},"49":{"start":{"line":104,"column":4},"end":{"line":104,"column":33}},"50":{"start":{"line":114,"column":4},"end":{"line":128,"column":5}},"51":{"start":{"line":115,"column":6},"end":{"line":125,"column":9}},"52":{"start":{"line":116,"column":8},"end":{"line":124,"column":10}},"53":{"start":{"line":127,"column":6},"end":{"line":127,"column":32}},"54":{"start":{"line":133,"column":18},"end":{"line":133,"column":52}}},"fnMap":{"0":{"name":"(anonymous_0)","decl":{"start":{"line":4,"column":2},"end":{"line":4,"column":3}},"loc":{"start":{"line":4,"column":28},"end":{"line":12,"column":3}},"line":4},"1":{"name":"(anonymous_1)","decl":{"start":{"line":13,"column":2},"end":{"line":13,"column":3}},"loc":{"start":{"line":13,"column":15},"end":{"line":27,"column":3}},"line":13},"2":{"name":"(anonymous_2)","decl":{"start":{"line":29,"column":2},"end":{"line":29,"column":3}},"loc":{"start":{"line":29,"column":24},"end":{"line":36,"column":3}},"line":29},"3":{"name":"(anonymous_3)","decl":{"start":{"line":32,"column":6},"end":{"line":32,"column":7}},"loc":{"start":{"line":32,"column":16},"end":{"line":32,"column":38}},"line":32},"4":{"name":"(anonymous_4)","decl":{"start":{"line":38,"column":2},"end":{"line":38,"column":3}},"loc":{"start":{"line":38,"column":26},"end":{"line":46,"column":3}},"line":38},"5":{"name":"(anonymous_5)","decl":{"start":{"line":48,"column":2},"end":{"line":48,"column":3}},"loc":{"start":{"line":48,"column":29},"end":{"line":50,"column":3}},"line":48},"6":{"name":"(anonymous_6)","decl":{"start":{"line":52,"column":2},"end":{"line":52,"column":3}},"loc":{"start":{"line":52,"column":29},"end":{"line":54,"column":3}},"line":52},"7":{"name":"(anonymous_7)","decl":{"start":{"line":56,"column":2},"end":{"line":56,"column":3}},"loc":{"start":{"line":56,"column":28},"end":{"line":61,"column":3}},"line":56},"8":{"name":"(anonymous_8)","decl":{"start":{"line":57,"column":41},"end":{"line":57,"column":42}},"loc":{"start":{"line":57,"column":60},"end":{"line":60,"column":5}},"line":57},"9":{"name":"(anonymous_9)","decl":{"start":{"line":70,"column":2},"end":{"line":70,"column":3}},"loc":{"start":{"line":70,"column":32},"end":{"line":76,"column":3}},"line":70},"10":{"name":"(anonymous_10)","decl":{"start":{"line":72,"column":28},"end":{"line":72,"column":29}},"loc":{"start":{"line":72,"column":46},"end":{"line":75,"column":5}},"line":72},"11":{"name":"(anonymous_11)","decl":{"start":{"line":78,"column":2},"end":{"line":78,"column":3}},"loc":{"start":{"line":78,"column":26},"end":{"line":90,"column":3}},"line":78},"12":{"name":"(anonymous_12)","decl":{"start":{"line":79,"column":25},"end":{"line":79,"column":26}},"loc":{"start":{"line":79,"column":40},"end":{"line":89,"column":5}},"line":79},"13":{"name":"(anonymous_13)","decl":{"start":{"line":91,"column":2},"end":{"line":91,"column":3}},"loc":{"start":{"line":91,"column":30},"end":{"line":98,"column":3}},"line":91},"14":{"name":"(anonymous_14)","decl":{"start":{"line":92,"column":27},"end":{"line":92,"column":28}},"loc":{"start":{"line":92,"column":42},"end":{"line":97,"column":5}},"line":92},"15":{"name":"(anonymous_15)","decl":{"start":{"line":100,"column":2},"end":{"line":100,"column":3}},"loc":{"start":{"line":100,"column":29},"end":{"line":105,"column":3}},"line":100},"16":{"name":"(anonymous_16)","decl":{"start":{"line":113,"column":2},"end":{"line":113,"column":3}},"loc":{"start":{"line":113,"column":28},"end":{"line":130,"column":3}},"line":113},"17":{"name":"(anonymous_17)","decl":{"start":{"line":115,"column":40},"end":{"line":115,"column":41}},"loc":{"start":{"line":115,"column":52},"end":{"line":125,"column":7}},"line":115}},"branchMap":{"0":{"loc":{"start":{"line":30,"column":4},"end":{"line":30,"column":30}},"type":"if","locations":[{"start":{"line":30,"column":4},"end":{"line":30,"column":30}},{"start":{},"end":{}}],"line":30},"1":{"loc":{"start":{"line":49,"column":11},"end":{"line":49,"column":62}},"type":"cond-expr","locations":[{"start":{"line":49,"column":33},"end":{"line":49,"column":57}},{"start":{"line":49,"column":60},"end":{"line":49,"column":62}}],"line":49},"2":{"loc":{"start":{"line":53,"column":11},"end":{"line":53,"column":62}},"type":"cond-expr","locations":[{"start":{"line":53,"column":33},"end":{"line":53,"column":57}},{"start":{"line":53,"column":60},"end":{"line":53,"column":62}}],"line":53},"3":{"loc":{"start":{"line":71,"column":4},"end":{"line":71,"column":65}},"type":"if","locations":[{"start":{"line":71,"column":4},"end":{"line":71,"column":65}},{"start":{},"end":{}}],"line":71},"4":{"loc":{"start":{"line":71,"column":7},"end":{"line":71,"column":53}},"type":"binary-expr","locations":[{"start":{"line":71,"column":7},"end":{"line":71,"column":32}},{"start":{"line":71,"column":36},"end":{"line":71,"column":53}}],"line":71},"5":{"loc":{"start":{"line":81,"column":18},"end":{"line":81,"column":56}},"type":"binary-expr","locations":[{"start":{"line":81,"column":18},"end":{"line":81,"column":27}},{"start":{"line":81,"column":31},"end":{"line":81,"column":56}}],"line":81},"6":{"loc":{"start":{"line":94,"column":18},"end":{"line":94,"column":56}},"type":"binary-expr","locations":[{"start":{"line":94,"column":18},"end":{"line":94,"column":27}},{"start":{"line":94,"column":31},"end":{"line":94,"column":56}}],"line":94},"7":{"loc":{"start":{"line":101,"column":4},"end":{"line":101,"column":33}},"type":"if","locations":[{"start":{"line":101,"column":4},"end":{"line":101,"column":33}},{"start":{},"end":{}}],"line":101}},"s":{"0":4,"1":4,"2":4,"3":4,"4":4,"5":4,"6":4,"7":2,"8":2,"9":2,"10":2,"11":2,"12":2,"13":2,"14":1,"15":1,"16":0,"17":0,"18":0,"19":0,"20":2,"21":2,"22":1,"23":1,"24":1,"25":0,"26":2,"27":2,"28":2,"29":15,"30":1,"31":14,"32":14,"33":14,"34":14,"35":14,"36":14,"37":14,"38":14,"39":14,"40":2,"41":2,"42":2,"43":2,"44":2,"45":1,"46":1,"47":0,"48":0,"49":0,"50":1,"51":1,"52":1,"53":1,"54":1},"f":{"0":4,"1":2,"2":1,"3":0,"4":2,"5":1,"6":0,"7":2,"8":2,"9":15,"10":14,"11":14,"12":14,"13":2,"14":2,"15":1,"16":1,"17":1},"b":{"0":[1,0],"1":[0,1],"2":[0,0],"3":[1,14],"4":[15,14],"5":[14,0],"6":[2,0],"7":[1,0]},"_coverageSchema":"1a1c01bbd47fc00a2c39e90264f33305004495a9","hash":"53d43334d52b3e9f3cbbae2a4245810fec83b596"}
,"D:\\JavaScript + Vue\\ДЗ\\Projects\\Avia Tickets\\src\\js\\views\\currency.js": {"path":"D:\\JavaScript + Vue\\ДЗ\\Projects\\Avia Tickets\\src\\js\\views\\currency.js","statementMap":{"0":{"start":{"line":3,"column":4},"end":{"line":3,"column":56}},"1":{"start":{"line":4,"column":4},"end":{"line":7,"column":5}},"2":{"start":{"line":11,"column":4},"end":{"line":11,"column":31}},"3":{"start":{"line":15,"column":4},"end":{"line":15,"column":46}},"4":{"start":{"line":19,"column":19},"end":{"line":19,"column":35}}},"fnMap":{"0":{"name":"(anonymous_0)","decl":{"start":{"line":2,"column":2},"end":{"line":2,"column":3}},"loc":{"start":{"line":2,"column":16},"end":{"line":8,"column":3}},"line":2},"1":{"name":"(anonymous_1)","decl":{"start":{"line":10,"column":2},"end":{"line":10,"column":3}},"loc":{"start":{"line":10,"column":21},"end":{"line":12,"column":3}},"line":10},"2":{"name":"(anonymous_2)","decl":{"start":{"line":14,"column":2},"end":{"line":14,"column":3}},"loc":{"start":{"line":14,"column":21},"end":{"line":16,"column":3}},"line":14}},"branchMap":{},"s":{"0":0,"1":0,"2":0,"3":0,"4":0},"f":{"0":0,"1":0,"2":0},"b":{}}
,"D:\\JavaScript + Vue\\ДЗ\\Projects\\Avia Tickets\\src\\js\\views\\form.js": {"path":"D:\\JavaScript + Vue\\ДЗ\\Projects\\Avia Tickets\\src\\js\\views\\form.js","statementMap":{"0":{"start":{"line":8,"column":4},"end":{"line":8,"column":52}},"1":{"start":{"line":9,"column":4},"end":{"line":9,"column":65}},"2":{"start":{"line":10,"column":4},"end":{"line":10,"column":64}},"3":{"start":{"line":11,"column":4},"end":{"line":11,"column":75}},"4":{"start":{"line":12,"column":4},"end":{"line":12,"column":74}},"5":{"start":{"line":13,"column":4},"end":{"line":15,"column":6}},"6":{"start":{"line":16,"column":4},"end":{"line":18,"column":6}},"7":{"start":{"line":22,"column":4},"end":{"line":22,"column":22}},"8":{"start":{"line":26,"column":4},"end":{"line":26,"column":29}},"9":{"start":{"line":30,"column":4},"end":{"line":30,"column":34}},"10":{"start":{"line":34,"column":4},"end":{"line":34,"column":34}},"11":{"start":{"line":38,"column":4},"end":{"line":38,"column":34}},"12":{"start":{"line":42,"column":4},"end":{"line":42,"column":45}},"13":{"start":{"line":43,"column":4},"end":{"line":43,"column":50}},"14":{"start":{"line":47,"column":15},"end":{"line":47,"column":73}}},"fnMap":{"0":{"name":"(anonymous_0)","decl":{"start":{"line":7,"column":2},"end":{"line":7,"column":3}},"loc":{"start":{"line":7,"column":56},"end":{"line":19,"column":3}},"line":7},"1":{"name":"(anonymous_1)","decl":{"start":{"line":21,"column":2},"end":{"line":21,"column":3}},"loc":{"start":{"line":21,"column":13},"end":{"line":23,"column":3}},"line":21},"2":{"name":"(anonymous_2)","decl":{"start":{"line":25,"column":2},"end":{"line":25,"column":3}},"loc":{"start":{"line":25,"column":20},"end":{"line":27,"column":3}},"line":25},"3":{"name":"(anonymous_3)","decl":{"start":{"line":29,"column":2},"end":{"line":29,"column":3}},"loc":{"start":{"line":29,"column":25},"end":{"line":31,"column":3}},"line":29},"4":{"name":"(anonymous_4)","decl":{"start":{"line":33,"column":2},"end":{"line":33,"column":3}},"loc":{"start":{"line":33,"column":24},"end":{"line":35,"column":3}},"line":33},"5":{"name":"(anonymous_5)","decl":{"start":{"line":37,"column":2},"end":{"line":37,"column":3}},"loc":{"start":{"line":37,"column":24},"end":{"line":39,"column":3}},"line":37},"6":{"name":"(anonymous_6)","decl":{"start":{"line":41,"column":2},"end":{"line":41,"column":3}},"loc":{"start":{"line":41,"column":28},"end":{"line":44,"column":3}},"line":41}},"branchMap":{},"s":{"0":0,"1":0,"2":0,"3":0,"4":0,"5":0,"6":0,"7":0,"8":0,"9":0,"10":0,"11":0,"12":0,"13":0,"14":0},"f":{"0":0,"1":0,"2":0,"3":0,"4":0,"5":0,"6":0},"b":{}}
,"D:\\JavaScript + Vue\\ДЗ\\Projects\\Avia Tickets\\src\\js\\views\\tickets.js": {"path":"D:\\JavaScript + Vue\\ДЗ\\Projects\\Avia Tickets\\src\\js\\views\\tickets.js","statementMap":{"0":{"start":{"line":4,"column":8},"end":{"line":4,"column":73}},"1":{"start":{"line":5,"column":8},"end":{"line":5,"column":75}},"2":{"start":{"line":8,"column":8},"end":{"line":8,"column":30}},"3":{"start":{"line":9,"column":8},"end":{"line":12,"column":9}},"4":{"start":{"line":10,"column":12},"end":{"line":10,"column":36}},"5":{"start":{"line":11,"column":12},"end":{"line":11,"column":19}},"6":{"start":{"line":13,"column":27},"end":{"line":14,"column":9}},"7":{"start":{"line":15,"column":23},"end":{"line":15,"column":25}},"8":{"start":{"line":16,"column":25},"end":{"line":16,"column":49}},"9":{"start":{"line":17,"column":8},"end":{"line":20,"column":11}},"10":{"start":{"line":18,"column":29},"end":{"line":18,"column":71}},"11":{"start":{"line":19,"column":12},"end":{"line":19,"column":33}},"12":{"start":{"line":21,"column":8},"end":{"line":21,"column":66}},"13":{"start":{"line":24,"column":8},"end":{"line":24,"column":38}},"14":{"start":{"line":27,"column":25},"end":{"line":27,"column":53}},"15":{"start":{"line":28,"column":8},"end":{"line":28,"column":65}},"16":{"start":{"line":31,"column":8},"end":{"line":34,"column":18}},"17":{"start":{"line":38,"column":8},"end":{"line":68,"column":10}},"18":{"start":{"line":71,"column":18},"end":{"line":71,"column":43}}},"fnMap":{"0":{"name":"(anonymous_0)","decl":{"start":{"line":3,"column":4},"end":{"line":3,"column":5}},"loc":{"start":{"line":3,"column":25},"end":{"line":6,"column":5}},"line":3},"1":{"name":"(anonymous_1)","decl":{"start":{"line":7,"column":4},"end":{"line":7,"column":5}},"loc":{"start":{"line":7,"column":26},"end":{"line":22,"column":5}},"line":7},"2":{"name":"(anonymous_2)","decl":{"start":{"line":17,"column":24},"end":{"line":17,"column":25}},"loc":{"start":{"line":17,"column":34},"end":{"line":20,"column":9}},"line":17},"3":{"name":"(anonymous_3)","decl":{"start":{"line":23,"column":4},"end":{"line":23,"column":5}},"loc":{"start":{"line":23,"column":20},"end":{"line":25,"column":5}},"line":23},"4":{"name":"(anonymous_4)","decl":{"start":{"line":26,"column":4},"end":{"line":26,"column":5}},"loc":{"start":{"line":26,"column":22},"end":{"line":29,"column":5}},"line":26},"5":{"name":"(anonymous_5)","decl":{"start":{"line":30,"column":4},"end":{"line":30,"column":5}},"loc":{"start":{"line":30,"column":29},"end":{"line":36,"column":5}},"line":30},"6":{"name":"(anonymous_6)","decl":{"start":{"line":37,"column":4},"end":{"line":37,"column":5}},"loc":{"start":{"line":37,"column":43},"end":{"line":69,"column":5}},"line":37}},"branchMap":{"0":{"loc":{"start":{"line":9,"column":8},"end":{"line":12,"column":9}},"type":"if","locations":[{"start":{"line":9,"column":8},"end":{"line":12,"column":9}},{"start":{},"end":{}}],"line":9}},"s":{"0":0,"1":0,"2":0,"3":0,"4":0,"5":0,"6":0,"7":0,"8":0,"9":0,"10":0,"11":0,"12":0,"13":0,"14":0,"15":0,"16":0,"17":0,"18":0},"f":{"0":0,"1":0,"2":0,"3":0,"4":0,"5":0,"6":0},"b":{"0":[0,0]}}
}
