TN:
SF:src\js\app.js
FN:39,(anonymous_0)
FN:85,(anonymous_1)
FN:91,initApp
FN:96,onFormSubmit
FN:115,(anonymous_4)
FN:122,(anonymous_5)
FN:136,(anonymous_6)
FN:137,(anonymous_7)
FN:141,(anonymous_8)
FN:143,(anonymous_9)
FN:148,(anonymous_10)
FNF:11
FNH:0
FNDA:0,(anonymous_0)
FNDA:0,(anonymous_1)
FNDA:0,initApp
FNDA:0,onFormSubmit
FNDA:0,(anonymous_4)
FNDA:0,(anonymous_5)
FNDA:0,(anonymous_6)
FNDA:0,(anonymous_7)
FNDA:0,(anonymous_8)
FNDA:0,(anonymous_9)
FNDA:0,(anonymous_10)
DA:39,0
DA:40,0
DA:84,0
DA:85,0
DA:86,0
DA:87,0
DA:92,0
DA:93,0
DA:97,0
DA:98,0
DA:99,0
DA:100,0
DA:101,0
DA:102,0
DA:104,0
DA:111,0
DA:113,0
DA:115,0
DA:116,0
DA:117,0
DA:119,0
DA:120,0
DA:121,0
DA:122,0
DA:123,0
DA:135,0
DA:136,0
DA:137,0
DA:139,0
DA:140,0
DA:141,0
DA:142,0
DA:143,0
DA:146,0
DA:148,0
DA:149,0
DA:151,0
DA:155,0
LF:38
LH:0
BRDA:149,0,0,0
BRDA:149,0,1,0
BRF:2
BRH:0
end_of_record
TN:
SF:src\js\config\apiConfig.js
FNF:0
FNH:0
DA:1,1
LF:1
LH:1
BRF:0
BRH:0
end_of_record
TN:
SF:src\js\helpers\date.js
FN:9,formatDate
FNF:1
FNH:0
FNDA:0,formatDate
DA:10,0
DA:11,0
LF:2
LH:0
BRF:0
BRH:0
end_of_record
TN:
SF:src\js\plugins\index.js
FNF:0
FNH:0
LF:0
LH:0
BRF:0
BRH:0
end_of_record
TN:
SF:src\js\plugins\materialize.js
FN:8,getSelectInstance
FN:22,getAutocompleteInstance
FN:33,getDatePickerInstance
FNF:3
FNH:0
FNDA:0,getSelectInstance
FNDA:0,getAutocompleteInstance
FNDA:0,getDatePickerInstance
DA:5,0
DA:6,0
DA:9,0
DA:13,0
DA:14,0
DA:23,0
DA:27,0
DA:28,0
DA:34,0
LF:9
LH:0
BRF:0
BRH:0
end_of_record
TN:
SF:src\js\services\apiService.js
FN:10,(anonymous_0)
FN:13,(anonymous_1)
FN:22,(anonymous_2)
FN:31,(anonymous_3)
FN:40,(anonymous_4)
FNF:5
FNH:2
FNDA:1,(anonymous_0)
FNDA:0,(anonymous_1)
FNDA:2,(anonymous_2)
FNDA:0,(anonymous_3)
FNDA:0,(anonymous_4)
DA:11,1
DA:14,0
DA:15,0
DA:16,0
DA:18,0
DA:19,0
DA:23,2
DA:24,2
DA:25,1
DA:27,1
DA:28,1
DA:32,0
DA:33,0
DA:34,0
DA:36,0
DA:37,0
DA:41,0
DA:42,0
DA:45,0
DA:47,0
DA:48,0
DA:54,1
LF:22
LH:7
BRF:0
BRH:0
end_of_record
TN:
SF:src\js\store\locations.js
FN:4,(anonymous_0)
FN:13,(anonymous_1)
FN:29,(anonymous_2)
FN:32,(anonymous_3)
FN:38,(anonymous_4)
FN:48,(anonymous_5)
FN:52,(anonymous_6)
FN:56,(anonymous_7)
FN:57,(anonymous_8)
FN:70,(anonymous_9)
FN:72,(anonymous_10)
FN:78,(anonymous_11)
FN:79,(anonymous_12)
FN:91,(anonymous_13)
FN:92,(anonymous_14)
FN:100,(anonymous_15)
FN:113,(anonymous_16)
FN:115,(anonymous_17)
FNF:18
FNH:16
FNDA:4,(anonymous_0)
FNDA:2,(anonymous_1)
FNDA:1,(anonymous_2)
FNDA:0,(anonymous_3)
FNDA:2,(anonymous_4)
FNDA:1,(anonymous_5)
FNDA:0,(anonymous_6)
FNDA:2,(anonymous_7)
FNDA:2,(anonymous_8)
FNDA:15,(anonymous_9)
FNDA:14,(anonymous_10)
FNDA:14,(anonymous_11)
FNDA:14,(anonymous_12)
FNDA:2,(anonymous_13)
FNDA:2,(anonymous_14)
FNDA:1,(anonymous_15)
FNDA:1,(anonymous_16)
FNDA:1,(anonymous_17)
DA:5,4
DA:6,4
DA:7,4
DA:8,4
DA:9,4
DA:10,4
DA:11,4
DA:14,2
DA:20,2
DA:21,2
DA:22,2
DA:23,2
DA:24,2
DA:26,2
DA:30,1
DA:31,0
DA:32,0
DA:34,0
DA:35,0
DA:39,2
DA:40,2
DA:43,1
DA:45,1
DA:49,1
DA:53,0
DA:57,2
DA:58,2
DA:59,2
DA:71,15
DA:72,14
DA:73,14
DA:74,14
DA:79,14
DA:80,14
DA:81,14
DA:82,14
DA:83,14
DA:88,14
DA:92,2
DA:93,2
DA:94,2
DA:95,2
DA:96,2
DA:101,1
DA:102,0
DA:103,0
DA:104,0
DA:114,1
DA:115,1
DA:116,1
DA:127,1
DA:133,1
LF:52
LH:44
BRDA:30,0,0,1
BRDA:30,0,1,0
BRDA:49,1,0,0
BRDA:49,1,1,1
BRDA:53,2,0,0
BRDA:53,2,1,0
BRDA:71,3,0,1
BRDA:71,3,1,14
BRDA:71,4,0,15
BRDA:71,4,1,14
BRDA:81,5,0,14
BRDA:81,5,1,0
BRDA:94,6,0,2
BRDA:94,6,1,0
BRDA:101,7,0,1
BRDA:101,7,1,0
BRF:16
BRH:9
end_of_record
TN:
SF:src\js\views\currency.js
FN:2,(anonymous_0)
FN:10,(anonymous_1)
FN:14,(anonymous_2)
FNF:3
FNH:0
FNDA:0,(anonymous_0)
FNDA:0,(anonymous_1)
FNDA:0,(anonymous_2)
DA:3,0
DA:4,0
DA:11,0
DA:15,0
DA:19,0
LF:5
LH:0
BRF:0
BRH:0
end_of_record
TN:
SF:src\js\views\form.js
FN:7,(anonymous_0)
FN:21,(anonymous_1)
FN:25,(anonymous_2)
FN:29,(anonymous_3)
FN:33,(anonymous_4)
FN:37,(anonymous_5)
FN:41,(anonymous_6)
FNF:7
FNH:0
FNDA:0,(anonymous_0)
FNDA:0,(anonymous_1)
FNDA:0,(anonymous_2)
FNDA:0,(anonymous_3)
FNDA:0,(anonymous_4)
FNDA:0,(anonymous_5)
FNDA:0,(anonymous_6)
DA:8,0
DA:9,0
DA:10,0
DA:11,0
DA:12,0
DA:13,0
DA:16,0
DA:22,0
DA:26,0
DA:30,0
DA:34,0
DA:38,0
DA:42,0
DA:43,0
DA:47,0
LF:15
LH:0
BRF:0
BRH:0
end_of_record
TN:
SF:src\js\views\tickets.js
FN:3,(anonymous_0)
FN:7,(anonymous_1)
FN:17,(anonymous_2)
FN:23,(anonymous_3)
FN:26,(anonymous_4)
FN:30,(anonymous_5)
FN:37,(anonymous_6)
FNF:7
FNH:0
FNDA:0,(anonymous_0)
FNDA:0,(anonymous_1)
FNDA:0,(anonymous_2)
FNDA:0,(anonymous_3)
FNDA:0,(anonymous_4)
FNDA:0,(anonymous_5)
FNDA:0,(anonymous_6)
DA:4,0
DA:5,0
DA:8,0
DA:9,0
DA:10,0
DA:11,0
DA:13,0
DA:15,0
DA:16,0
DA:17,0
DA:18,0
DA:19,0
DA:21,0
DA:24,0
DA:27,0
DA:28,0
DA:31,0
DA:38,0
DA:71,0
LF:19
LH:0
BRDA:9,0,0,0
BRDA:9,0,1,0
BRF:2
BRH:0
end_of_record
